0 verbose cli /Users/jp/.nvm/versions/node/v20.18.1/bin/node /Users/jp/.nvm/versions/node/v20.18.1/bin/npm
1 info using npm@11.4.2
2 info using node@v20.18.1
3 silly config load:file:/Users/jp/.nvm/versions/node/v20.18.1/lib/node_modules/npm/npmrc
4 silly config load:file:/Users/jp/ProjetsWeb/mp3rapide.fr/.npmrc
5 silly config load:file:/Users/jp/.npmrc
6 silly config load:file:/Users/jp/.nvm/versions/node/v20.18.1/etc/npmrc
7 verbose title npm view @distube/ytdl-core version
8 verbose argv "view" "@distube/ytdl-core" "version"
9 verbose logfile logs-max:10 dir:/Users/jp/ProjetsWeb/mp3rapide.fr/.npm-cache/_logs/2025-06-28T11_24_28_743Z-
10 verbose logfile /Users/jp/ProjetsWeb/mp3rapide.fr/.npm-cache/_logs/2025-06-28T11_24_28_743Z-debug-0.log
11 silly logfile start cleaning logs, removing 2 files
12 silly logfile done cleaning log files
13 http fetch GET 200 https://registry.npmjs.org/@distube%2fytdl-core 336ms (cache revalidated)
14 verbose cwd /Users/jp/ProjetsWeb/mp3rapide.fr
15 verbose os Darwin 24.5.0
16 verbose node v20.18.1
17 verbose npm  v11.4.2
18 verbose exit 0
19 info ok
