0 verbose cli /Users/jp/.nvm/versions/node/v20.18.1/bin/node /Users/jp/.nvm/versions/node/v20.18.1/bin/npm
1 info using npm@11.4.2
2 info using node@v20.18.1
3 silly config load:file:/Users/jp/.nvm/versions/node/v20.18.1/lib/node_modules/npm/npmrc
4 silly config load:file:/Users/jp/ProjetsWeb/mp3rapide.fr/.npmrc
5 silly config load:file:/Users/jp/.npmrc
6 silly config load:file:/Users/jp/.nvm/versions/node/v20.18.1/etc/npmrc
7 verbose title npm list @distube/ytdl-core
8 verbose argv "list" "@distube/ytdl-core"
9 verbose logfile logs-max:10 dir:/Users/jp/ProjetsWeb/mp3rapide.fr/.npm-cache/_logs/2025-06-28T11_23_52_304Z-
10 verbose logfile /Users/jp/ProjetsWeb/mp3rapide.fr/.npm-cache/_logs/2025-06-28T11_23_52_304Z-debug-0.log
11 silly logfile start cleaning logs, removing 1 files
12 silly logfile done cleaning log files
13 silly packumentCache heap:4345298944 maxSize:1086324736 maxEntrySize:543162368
14 verbose cwd /Users/jp/ProjetsWeb/mp3rapide.fr
15 verbose os Darwin 24.5.0
16 verbose node v20.18.1
17 verbose npm  v11.4.2
18 verbose exit 0
19 info ok
